<?xml version="1.0" encoding="UTF-8"?>
<!-- Generated by org.testng.reporters.JUnitReportReporter -->
<testsuite skipped="0" hostname="LAPTOP-BC8R0C63" name="episode55.CrossBrowserTesting" tests="2" failures="0" timestamp="17 Sep 2023 09:42:00 GMT" time="12.190" errors="0">
  <testcase name="LaunchBrowser" time="7.261" classname="episode55.CrossBrowserTesting"/>
  <testcase name="LaunchBrowser" time="4.929" classname="episode55.CrossBrowserTesting"/>
</testsuite> <!-- episode55.CrossBrowserTesting -->
