<?xml version="1.0" encoding="UTF-8"?>
<!-- Generated by org.testng.reporters.JUnitReportReporter -->
<testsuite skipped="0" hostname="LAPTOP-BC8R0C63" name="restaassured.GetEmployees" tests="1" failures="0" timestamp="09 Sep 2023 11:49:25 GMT" time="2.360" errors="0">
  <testcase name="emp" time="2.360" classname="restaassured.GetEmployees"/>
</testsuite> <!-- restaassured.GetEmployees -->
