<?xml version="1.0" encoding="UTF-8"?>
<!-- Generated by org.testng.reporters.JUnitReportReporter -->
<testsuite skipped="0" hostname="LAPTOP-BC8R0C63" name="episode52.GropsTestng" tests="3" failures="0" timestamp="17 Sep 2023 07:27:13 GMT" time="0.020" errors="0">
  <testcase name="Test1" time="0.017" classname="episode52.GropsTestng"/>
  <testcase name="Test3" time="0.001" classname="episode52.GropsTestng"/>
  <testcase name="Test4" time="0.002" classname="episode52.GropsTestng"/>
</testsuite> <!-- episode52.GropsTestng -->
