<?xml version="1.0" encoding="UTF-8"?>
<!-- Generated by org.testng.reporters.JUnitReportReporter -->
<testsuite skipped="0" hostname="LAPTOP-BC8R0C63" name="episode56.DataProviderTestNG" tests="2" failures="0" timestamp="17 Sep 2023 10:36:06 GMT" time="6.509" errors="0">
  <testcase name="login" time="2.962" classname="episode56.DataProviderTestNG"/>
  <testcase name="login" time="3.547" classname="episode56.DataProviderTestNG"/>
</testsuite> <!-- episode56.DataProviderTestNG -->
