<?xml version="1.0" encoding="UTF-8"?>
<!-- Generated by org.testng.reporters.JUnitReportReporter -->
<testsuite skipped="0" hostname="LAPTOP-BC8R0C63" name="learnTestNG.LearnArra" tests="1" failures="0" timestamp="08 Sep 2023 17:51:50 GMT" time="3.762" errors="0">
  <testcase name="arra" time="3.762" classname="learnTestNG.LearnArra"/>
</testsuite> <!-- learnTestNG.LearnArra -->
