<?xml version="1.0" encoding="UTF-8"?>
<!-- Generated by org.testng.reporters.JUnitReportReporter -->
<testsuite skipped="0" hostname="LAPTOP-BC8R0C63" name="episode61.SignIn" tests="5" failures="0" timestamp="17 Sep 2023 16:30:35 GMT" time="62.017" errors="0">
  <testcase name="HomeScreen" time="17.531" classname="episode61.SignIn"/>
  <testcase name="HomeScreen" time="18.096" classname="episode61.SignIn"/>
  <testcase name="HomeScreen" time="5.039" classname="episode61.SignIn"/>
  <testcase name="HomeScreen" time="5.102" classname="episode61.SignIn"/>
  <testcase name="HomeScreen" time="16.249" classname="episode61.SignIn"/>
</testsuite> <!-- episode61.SignIn -->
