<?xml version="1.0" encoding="UTF-8"?>
<!-- Generated by org.testng.reporters.JUnitReportReporter -->
<testsuite skipped="0" hostname="LAPTOP-BC8R0C63" name="episode57.loginUsingDataprovider" tests="2" failures="0" timestamp="17 Sep 2023 16:18:10 GMT" time="11.514" errors="0">
  <testcase name="login" time="5.788" classname="episode57.loginUsingDataprovider"/>
  <testcase name="login" time="5.726" classname="episode57.loginUsingDataprovider"/>
</testsuite> <!-- episode57.loginUsingDataprovider -->
