<?xml version="1.0" encoding="UTF-8"?>
<!-- Generated by org.testng.reporters.JUnitReportReporter -->
<testsuite skipped="0" hostname="LAPTOP-BC8R0C63" name="episode53.ParameterTestNG" tests="1" failures="0" timestamp="17 Sep 2023 08:54:52 GMT" time="4.339" errors="0">
  <testcase name="LaunchBrowser" time="4.339" classname="episode53.ParameterTestNG"/>
</testsuite> <!-- episode53.ParameterTestNG -->
