<?xml version="1.0" encoding="UTF-8"?>
<!-- Generated by org.testng.reporters.JUnitReportReporter -->
<testsuite skipped="0" hostname="LAPTOP-BC8R0C63" name="learnTestNG.LaunchChrome" tests="1" failures="0" timestamp="08 Sep 2023 17:51:50 GMT" time="3.716" errors="0">
  <testcase name="launch" time="3.716" classname="learnTestNG.LaunchChrome"/>
</testsuite> <!-- learnTestNG.LaunchChrome -->
