<?xml version="1.0" encoding="UTF-8"?>
<!-- Generated by org.testng.reporters.JUnitReportReporter -->
<testsuite skipped="0" hostname="LAPTOP-BC8R0C63" name="episode61a.ReadXlData" tests="1" failures="0" timestamp="17 Sep 2023 16:24:08 GMT" time="0.574" errors="0">
  <testcase name="testdata" time="0.574" classname="episode61a.ReadXlData"/>
</testsuite> <!-- episode61a.ReadXlData -->
